mode: atomic
github.com/ecshreve/slomad/pkg/utils/utils.go:4.34,6.2 1 2
github.com/ecshreve/slomad/pkg/utils/utils.go:10.49,11.15 1 4
github.com/ecshreve/slomad/pkg/utils/utils.go:11.15,13.3 1 2
github.com/ecshreve/slomad/pkg/utils/utils.go:14.2,14.12 1 2
github.com/ecshreve/slomad/pkg/utils/utils.go:18.25,20.2 1 2
github.com/ecshreve/slomad/pkg/utils/utils.go:23.37,24.15 1 4
github.com/ecshreve/slomad/pkg/utils/utils.go:24.15,26.3 1 2
github.com/ecshreve/slomad/pkg/utils/utils.go:27.2,27.12 1 2
github.com/ecshreve/slomad/pkg/slomad/deploy.go:14.42,18.16 4 0
github.com/ecshreve/slomad/pkg/slomad/deploy.go:18.16,20.3 1 0
github.com/ecshreve/slomad/pkg/slomad/deploy.go:22.2,23.21 2 0
github.com/ecshreve/slomad/pkg/slomad/deploy.go:23.21,26.3 2 0
github.com/ecshreve/slomad/pkg/slomad/deploy.go:28.2,29.12 2 0
github.com/ecshreve/slomad/pkg/slomad/deploy.go:35.44,39.16 4 0
github.com/ecshreve/slomad/pkg/slomad/deploy.go:39.16,41.3 1 0
github.com/ecshreve/slomad/pkg/slomad/deploy.go:43.2,44.21 2 0
github.com/ecshreve/slomad/pkg/slomad/deploy.go:44.21,46.3 1 0
github.com/ecshreve/slomad/pkg/slomad/deploy.go:48.2,49.12 2 0
github.com/ecshreve/slomad/pkg/slomad/deploy.go:53.38,55.16 2 0
github.com/ecshreve/slomad/pkg/slomad/deploy.go:55.16,57.3 1 0
github.com/ecshreve/slomad/pkg/slomad/deploy.go:59.2,59.38 1 0
github.com/ecshreve/slomad/pkg/slomad/deploy.go:59.38,61.3 1 0
github.com/ecshreve/slomad/pkg/slomad/deploy.go:63.2,63.12 1 0
github.com/ecshreve/slomad/pkg/slomad/deploy.go:67.40,69.16 2 0
github.com/ecshreve/slomad/pkg/slomad/deploy.go:69.16,71.3 1 0
github.com/ecshreve/slomad/pkg/slomad/deploy.go:73.2,73.40 1 0
github.com/ecshreve/slomad/pkg/slomad/deploy.go:73.40,75.3 1 0
github.com/ecshreve/slomad/pkg/slomad/deploy.go:77.2,77.12 1 0
github.com/ecshreve/slomad/pkg/slomad/job.go:33.80,50.11 2 1
github.com/ecshreve/slomad/pkg/slomad/job.go:50.11,54.3 1 0
github.com/ecshreve/slomad/pkg/slomad/job.go:56.2,56.39 1 1
github.com/ecshreve/slomad/pkg/slomad/job.go:56.39,59.3 2 0
github.com/ecshreve/slomad/pkg/slomad/job.go:61.2,62.16 2 1
github.com/ecshreve/slomad/pkg/slomad/job.go:62.16,65.3 2 0
github.com/ecshreve/slomad/pkg/slomad/job.go:67.2,67.25 1 1
github.com/ecshreve/slomad/pkg/slomad/job.go:71.62,77.55 5 1
github.com/ecshreve/slomad/pkg/slomad/job.go:77.55,79.3 1 0
github.com/ecshreve/slomad/pkg/slomad/job.go:80.2,80.60 1 1
github.com/ecshreve/slomad/pkg/slomad/job.go:80.60,82.3 1 0
github.com/ecshreve/slomad/pkg/slomad/job.go:84.2,84.20 1 1
github.com/ecshreve/slomad/pkg/slomad/job.go:115.39,130.2 1 1
github.com/ecshreve/slomad/pkg/slomad/job.go:133.43,148.2 1 0
github.com/ecshreve/slomad/pkg/slomad/port.go:15.45,21.2 1 13
github.com/ecshreve/slomad/pkg/slomad/port.go:24.31,31.2 1 4
github.com/ecshreve/slomad/pkg/slomad/port.go:34.39,36.2 1 2
github.com/ecshreve/slomad/pkg/slomad/port.go:39.67,43.26 3 3
github.com/ecshreve/slomad/pkg/slomad/port.go:43.26,45.15 2 9
github.com/ecshreve/slomad/pkg/slomad/port.go:45.15,47.4 1 4
github.com/ecshreve/slomad/pkg/slomad/port.go:47.9,49.4 1 5
github.com/ecshreve/slomad/pkg/slomad/port.go:52.2,57.16 2 3
github.com/ecshreve/slomad/pkg/slomad/port.go:61.44,63.26 2 3
github.com/ecshreve/slomad/pkg/slomad/port.go:63.26,65.3 1 6
github.com/ecshreve/slomad/pkg/slomad/port.go:66.2,66.15 1 3
github.com/ecshreve/slomad/pkg/slomad/port.go:70.65,78.2 2 2
github.com/ecshreve/slomad/pkg/slomad/resource.go:41.59,46.2 1 8
github.com/ecshreve/slomad/pkg/slomad/service.go:11.47,22.2 1 1
github.com/ecshreve/slomad/pkg/slomad/service.go:25.41,39.2 1 1
github.com/ecshreve/slomad/pkg/slomad/service.go:42.74,43.38 1 1
github.com/ecshreve/slomad/pkg/slomad/service.go:43.38,45.3 1 0
github.com/ecshreve/slomad/pkg/slomad/service.go:47.2,62.3 1 1
github.com/ecshreve/slomad/pkg/slomad/service.go:65.73,66.22 1 1
github.com/ecshreve/slomad/pkg/slomad/service.go:66.22,68.3 1 1
github.com/ecshreve/slomad/pkg/slomad/service.go:70.2,71.40 2 0
github.com/ecshreve/slomad/pkg/slomad/service.go:71.40,78.3 1 0
github.com/ecshreve/slomad/pkg/slomad/service.go:80.2,80.11 1 0
github.com/ecshreve/slomad/pkg/slomad/service.go:84.80,86.32 2 1
github.com/ecshreve/slomad/pkg/slomad/service.go:86.32,88.18 2 1
github.com/ecshreve/slomad/pkg/slomad/service.go:88.18,89.12 1 0
github.com/ecshreve/slomad/pkg/slomad/service.go:91.3,91.36 1 1
github.com/ecshreve/slomad/pkg/slomad/service.go:93.2,93.17 1 1
github.com/ecshreve/slomad/pkg/slomad/service.go:97.47,106.19 4 1
github.com/ecshreve/slomad/pkg/slomad/service.go:106.19,108.3 1 0
github.com/ecshreve/slomad/pkg/slomad/service.go:110.2,110.54 1 1
github.com/ecshreve/slomad/pkg/slomad/service.go:110.54,113.3 2 0
github.com/ecshreve/slomad/pkg/slomad/service.go:115.2,115.15 1 1
github.com/ecshreve/slomad/pkg/slomad/service.go:119.44,123.2 1 1
github.com/ecshreve/slomad/pkg/slomad/service.go:126.53,132.2 1 1
github.com/ecshreve/slomad/pkg/slomad/service.go:135.65,136.23 1 1
github.com/ecshreve/slomad/pkg/slomad/service.go:136.23,138.3 1 1
github.com/ecshreve/slomad/pkg/slomad/service.go:139.2,139.12 1 0
github.com/ecshreve/slomad/pkg/slomad/storage.go:17.59,19.27 2 1
github.com/ecshreve/slomad/pkg/slomad/storage.go:19.27,20.17 1 0
github.com/ecshreve/slomad/pkg/slomad/storage.go:20.17,21.12 1 0
github.com/ecshreve/slomad/pkg/slomad/storage.go:24.3,28.5 1 0
github.com/ecshreve/slomad/pkg/slomad/storage.go:30.2,30.18 1 1
github.com/ecshreve/slomad/pkg/slomad/storage.go:34.77,35.67 1 1
github.com/ecshreve/slomad/pkg/slomad/storage.go:35.67,37.3 1 1
github.com/ecshreve/slomad/pkg/slomad/storage.go:39.2,51.16 4 0
github.com/ecshreve/slomad/pkg/slomad/storage.go:56.47,58.27 2 1
github.com/ecshreve/slomad/pkg/slomad/storage.go:58.27,59.16 1 0
github.com/ecshreve/slomad/pkg/slomad/storage.go:59.16,60.12 1 0
github.com/ecshreve/slomad/pkg/slomad/storage.go:63.3,63.74 1 0
github.com/ecshreve/slomad/pkg/slomad/storage.go:66.2,67.19 2 1
github.com/ecshreve/slomad/pkg/slomad/storage.go:71.67,72.54 1 1
github.com/ecshreve/slomad/pkg/slomad/storage.go:72.54,74.3 1 1
github.com/ecshreve/slomad/pkg/slomad/storage.go:76.2,80.3 1 0
github.com/ecshreve/slomad/pkg/slomad/types.go:36.35,38.2 1 2
