mode: atomic
github.com/ecshreve/slomad/pkg/slomad/deploy.go:14.42,18.16 4 0
github.com/ecshreve/slomad/pkg/slomad/deploy.go:18.16,20.3 1 0
github.com/ecshreve/slomad/pkg/slomad/deploy.go:22.2,23.21 2 0
github.com/ecshreve/slomad/pkg/slomad/deploy.go:23.21,26.3 2 0
github.com/ecshreve/slomad/pkg/slomad/deploy.go:28.2,29.12 2 0
github.com/ecshreve/slomad/pkg/slomad/deploy.go:35.44,39.16 4 0
github.com/ecshreve/slomad/pkg/slomad/deploy.go:39.16,41.3 1 0
github.com/ecshreve/slomad/pkg/slomad/deploy.go:43.2,44.21 2 0
github.com/ecshreve/slomad/pkg/slomad/deploy.go:44.21,46.3 1 0
github.com/ecshreve/slomad/pkg/slomad/deploy.go:48.2,49.12 2 0
github.com/ecshreve/slomad/pkg/slomad/deploy.go:53.38,55.16 2 0
github.com/ecshreve/slomad/pkg/slomad/deploy.go:55.16,57.3 1 0
github.com/ecshreve/slomad/pkg/slomad/deploy.go:59.2,59.38 1 0
github.com/ecshreve/slomad/pkg/slomad/deploy.go:59.38,61.3 1 0
github.com/ecshreve/slomad/pkg/slomad/deploy.go:63.2,63.12 1 0
github.com/ecshreve/slomad/pkg/slomad/deploy.go:66.40,68.16 2 0
github.com/ecshreve/slomad/pkg/slomad/deploy.go:68.16,70.3 1 0
github.com/ecshreve/slomad/pkg/slomad/deploy.go:72.2,72.40 1 0
github.com/ecshreve/slomad/pkg/slomad/deploy.go:72.40,74.3 1 0
github.com/ecshreve/slomad/pkg/slomad/deploy.go:76.2,76.12 1 0
github.com/ecshreve/slomad/pkg/slomad/job.go:32.80,49.11 2 1
github.com/ecshreve/slomad/pkg/slomad/job.go:49.11,53.3 1 0
github.com/ecshreve/slomad/pkg/slomad/job.go:55.2,55.39 1 1
github.com/ecshreve/slomad/pkg/slomad/job.go:55.39,58.3 2 0
github.com/ecshreve/slomad/pkg/slomad/job.go:60.2,61.16 2 1
github.com/ecshreve/slomad/pkg/slomad/job.go:61.16,64.3 2 0
github.com/ecshreve/slomad/pkg/slomad/job.go:66.2,66.25 1 1
github.com/ecshreve/slomad/pkg/slomad/job.go:70.62,76.55 5 1
github.com/ecshreve/slomad/pkg/slomad/job.go:76.55,78.3 1 0
github.com/ecshreve/slomad/pkg/slomad/job.go:79.2,79.60 1 1
github.com/ecshreve/slomad/pkg/slomad/job.go:79.60,81.3 1 0
github.com/ecshreve/slomad/pkg/slomad/job.go:83.2,83.20 1 1
github.com/ecshreve/slomad/pkg/slomad/job.go:108.39,123.2 1 1
github.com/ecshreve/slomad/pkg/slomad/job.go:125.43,140.2 1 0
github.com/ecshreve/slomad/pkg/slomad/port.go:15.45,21.2 1 13
github.com/ecshreve/slomad/pkg/slomad/port.go:24.31,31.2 1 4
github.com/ecshreve/slomad/pkg/slomad/port.go:34.39,36.2 1 2
github.com/ecshreve/slomad/pkg/slomad/port.go:39.67,43.26 3 3
github.com/ecshreve/slomad/pkg/slomad/port.go:43.26,45.15 2 9
github.com/ecshreve/slomad/pkg/slomad/port.go:45.15,47.4 1 4
github.com/ecshreve/slomad/pkg/slomad/port.go:47.9,49.4 1 5
github.com/ecshreve/slomad/pkg/slomad/port.go:52.2,57.16 2 3
github.com/ecshreve/slomad/pkg/slomad/port.go:61.44,63.26 2 3
github.com/ecshreve/slomad/pkg/slomad/port.go:63.26,65.3 1 6
github.com/ecshreve/slomad/pkg/slomad/port.go:66.2,66.15 1 3
github.com/ecshreve/slomad/pkg/slomad/port.go:70.65,78.2 2 2
github.com/ecshreve/slomad/pkg/slomad/resource.go:41.59,46.2 1 8
github.com/ecshreve/slomad/pkg/slomad/service.go:10.47,21.2 1 1
github.com/ecshreve/slomad/pkg/slomad/service.go:23.41,37.2 1 1
github.com/ecshreve/slomad/pkg/slomad/service.go:39.74,40.38 1 1
github.com/ecshreve/slomad/pkg/slomad/service.go:40.38,42.3 1 0
github.com/ecshreve/slomad/pkg/slomad/service.go:44.2,59.3 1 1
github.com/ecshreve/slomad/pkg/slomad/service.go:62.73,63.22 1 1
github.com/ecshreve/slomad/pkg/slomad/service.go:63.22,65.3 1 1
github.com/ecshreve/slomad/pkg/slomad/service.go:67.2,68.40 2 0
github.com/ecshreve/slomad/pkg/slomad/service.go:68.40,75.3 1 0
github.com/ecshreve/slomad/pkg/slomad/service.go:77.2,77.11 1 0
github.com/ecshreve/slomad/pkg/slomad/service.go:81.80,83.32 2 1
github.com/ecshreve/slomad/pkg/slomad/service.go:83.32,85.18 2 1
github.com/ecshreve/slomad/pkg/slomad/service.go:85.18,86.12 1 0
github.com/ecshreve/slomad/pkg/slomad/service.go:88.3,88.36 1 1
github.com/ecshreve/slomad/pkg/slomad/service.go:90.2,90.17 1 1
github.com/ecshreve/slomad/pkg/slomad/service.go:94.47,103.19 4 1
github.com/ecshreve/slomad/pkg/slomad/service.go:103.19,105.3 1 0
github.com/ecshreve/slomad/pkg/slomad/service.go:107.2,107.54 1 1
github.com/ecshreve/slomad/pkg/slomad/service.go:107.54,110.3 2 0
github.com/ecshreve/slomad/pkg/slomad/service.go:112.2,112.15 1 1
github.com/ecshreve/slomad/pkg/slomad/service.go:116.44,120.2 1 1
github.com/ecshreve/slomad/pkg/slomad/service.go:123.53,129.2 1 1
github.com/ecshreve/slomad/pkg/slomad/service.go:132.65,133.23 1 1
github.com/ecshreve/slomad/pkg/slomad/service.go:133.23,135.3 1 1
github.com/ecshreve/slomad/pkg/slomad/service.go:136.2,136.12 1 0
github.com/ecshreve/slomad/pkg/slomad/storage.go:17.59,19.27 2 1
github.com/ecshreve/slomad/pkg/slomad/storage.go:19.27,20.17 1 0
github.com/ecshreve/slomad/pkg/slomad/storage.go:20.17,21.12 1 0
github.com/ecshreve/slomad/pkg/slomad/storage.go:24.3,28.5 1 0
github.com/ecshreve/slomad/pkg/slomad/storage.go:30.2,30.18 1 1
github.com/ecshreve/slomad/pkg/slomad/storage.go:34.77,35.67 1 1
github.com/ecshreve/slomad/pkg/slomad/storage.go:35.67,37.3 1 1
github.com/ecshreve/slomad/pkg/slomad/storage.go:39.2,51.16 4 0
github.com/ecshreve/slomad/pkg/slomad/storage.go:56.47,58.27 2 1
github.com/ecshreve/slomad/pkg/slomad/storage.go:58.27,59.16 1 0
github.com/ecshreve/slomad/pkg/slomad/storage.go:59.16,60.12 1 0
github.com/ecshreve/slomad/pkg/slomad/storage.go:63.3,63.74 1 0
github.com/ecshreve/slomad/pkg/slomad/storage.go:66.2,67.19 2 1
github.com/ecshreve/slomad/pkg/slomad/storage.go:70.67,71.54 1 1
github.com/ecshreve/slomad/pkg/slomad/storage.go:71.54,73.3 1 1
github.com/ecshreve/slomad/pkg/slomad/storage.go:75.2,79.3 1 0
github.com/ecshreve/slomad/pkg/slomad/types.go:31.35,33.2 1 2
github.com/ecshreve/slomad/pkg/slomad/utils.go:4.34,6.2 1 2
github.com/ecshreve/slomad/pkg/slomad/utils.go:10.49,11.15 1 5
github.com/ecshreve/slomad/pkg/slomad/utils.go:11.15,13.3 1 2
github.com/ecshreve/slomad/pkg/slomad/utils.go:14.2,14.12 1 3
github.com/ecshreve/slomad/pkg/slomad/utils.go:18.25,20.2 1 2
github.com/ecshreve/slomad/pkg/slomad/utils.go:23.37,24.15 1 4
github.com/ecshreve/slomad/pkg/slomad/utils.go:24.15,26.3 1 2
github.com/ecshreve/slomad/pkg/slomad/utils.go:27.2,27.12 1 2
